Arguments: 
  /usr/local/Cellar/node/11.14.0/bin/node /usr/local/Cellar/yarn/1.15.2/libexec/bin/yarn.js install

PATH: 
  /usr/local/sbin:/usr/local/bin:/Users/jimwong/Documents/Software/apache-maven-3.6.1/bin:/Users/jimwong/Documents/Software/apache-tomcat-8.5.40/bin:/Users/jimwong/Library/Android/sdk/emulator:/Users/jimwong/Library/Android/sdk/tools:/Applications/Android Studio.app/Contents/gradle/gradle-5.1.1/bin:/usr/bin:/bin:/usr/sbin:/sbin:/usr/local/bin:/usr/local/share/dotnet:~/.dotnet/tools:/Library/Frameworks/Mono.framework/Versions/Current/Commands:/Library/Java/JavaVirtualMachines/jdk1.8.0_202.jdk/Contents/Home/bin:/Library/Java/JavaVirtualMachines/jdk1.8.0_202.jdk/Contents/Home/jre/bin:.

Yarn version: 
  1.15.2

Node version: 
  11.14.0

Platform: 
  darwin x64

Trace: 
  Error: https://registry.npmjs.org/better-scroll/-/better-scroll-1.15.2.tgz: ETIMEDOUT
      at Timeout._onTimeout (/usr/local/Cellar/yarn/1.15.2/libexec/lib/cli.js:130201:19)
      at listOnTimeout (internal/timers.js:535:17)
      at processTimers (internal/timers.js:479:7)

npm manifest: 
  {
    "name": "TsPSTApp",
    "version": "1.0.0",
    "private": true,
    "description": "云端磅房系统智能客户端",
    "templateInfo": {
      "name": "redux",
      "typescript": true,
      "css": "sass"
    },
    "scripts": {
      "build:weapp": "taro build --type weapp",
      "build:swan": "taro build --type swan",
      "build:alipay": "taro build --type alipay",
      "build:tt": "taro build --type tt",
      "build:h5": "taro build --type h5",
      "build:rn": "taro build --type rn",
      "dev:weapp": "npm run build:weapp -- --watch",
      "dev:swan": "npm run build:swan -- --watch",
      "dev:alipay": "npm run build:alipay -- --watch",
      "dev:tt": "npm run build:tt -- --watch",
      "dev:h5": "npm run build:h5 -- --watch",
      "dev:rn": "npm run build:rn -- --watch"
    },
    "author": "",
    "license": "MIT",
    "dependencies": {
      "@tarojs/async-await": "1.3.0",
      "@tarojs/components": "1.3.0",
      "@tarojs/redux": "1.3.0",
      "@tarojs/redux-h5": "1.3.0",
      "@tarojs/router": "1.3.0",
      "@tarojs/taro": "1.3.0",
      "@tarojs/taro-alipay": "1.3.0",
      "@tarojs/taro-h5": "1.3.0",
      "@tarojs/taro-swan": "1.3.0",
      "@tarojs/taro-tt": "1.3.0",
      "@tarojs/taro-weapp": "1.3.0",
      "nervjs": "^1.4.0",
      "nerv-devtools": "^1.4.0",
      "redux": "^4.0.0",
      "redux-logger": "^3.0.6",
      "redux-thunk": "^2.3.0"
    },
    "devDependencies": {
      "@types/react": "^16.4.8",
      "@types/webpack-env": "^1.13.6",
      "@tarojs/plugin-babel": "1.3.0",
      "@tarojs/plugin-csso": "1.3.0",
      "@tarojs/plugin-sass": "1.3.0",
      "@tarojs/plugin-uglifyjs": "1.3.0",
      "@tarojs/webpack-runner": "1.3.0",
      "babel-plugin-transform-class-properties": "^6.24.1",
      "babel-plugin-transform-decorators-legacy": "^1.3.4",
      "babel-plugin-transform-jsx-stylesheet": "^0.6.5",
      "babel-plugin-transform-object-rest-spread": "^6.26.0",
      "babel-preset-env": "^1.6.1",
      "babel-eslint": "^8.2.3",
      "eslint": "^5.16.0",
      "eslint-config-taro": "1.3.0",
      "eslint-plugin-react": "^7.8.2",
      "eslint-plugin-import": "^2.12.0",
      "stylelint": "9.3.0",
      "stylelint-config-taro-rn": "1.3.0",
      "stylelint-taro-rn": "1.3.0",
      "eslint-plugin-taro": "1.3.0",
      "@typescript-eslint/parser": "^1.6.0",
      "typescript": "^3.0.1"
    }
  }

yarn manifest: 
  No manifest

Lockfile: 
  No lockfile
